[tenhaseunegocioonline.kpages.online/pagina-7gratis344119.html]
[backblue.gif]
[fade.gif]
[index.html]
[static-public.klickpages.com.br/app/assets/stylesheets/publish8b2e.css]
[static-public.klickpages.com.br/app/assets/javascripts/public/js/include8b2e.js]
[apis.google.com/js/plus.js]
[apis.google.com/js/plusone.js]
[connect.facebook.net/pt_BR/sdk.js]
[static-public.klickpages.com.br/tmp/zip/1101/styles/mainec82.css]
[static-public.klickpages.com.br/uploads/media/file/1766327/planodefundodinheiro.jpg]
[static-public.klickpages.com.br/tmp/zip/739/styles/mainb1f5.css]
[static-public.klickpages.com.br/app/assets/stylesheets/made_with8b2e.css]
[static-public.klickpages.com.br/app/assets/images/logos/klickpages8b2e.png]
[static-public.klickpages.com.br/app/assets/javascripts/public/js/body/end8b2e.js]
[tenhaseunegocioonline.kpages.online/pagina-7gratis344119.html]
[static-public.klickpages.com.br/app/assets/javascripts/libs/libs8b2e.js]
[static-public.klickpages.com.br/app/assets/stylesheets/fancybox_sprite.png]
[static-public.klickpages.com.br/app/assets/stylesheets/fancybox_loading.gif]
[static-public.klickpages.com.br/app/assets/stylesheets/blank.gif]
[static-public.klickpages.com.br/app/assets/stylesheets/fancybox_overlay.png]
[static-public.klickpages.com.br/app/assets/stylesheets/fancybox_sprite@2x.png]
[static-public.klickpages.com.br/app/assets/stylesheets/fancybox_loading@2x.gif]
[static-public.klickpages.com.br/app/assets/stylesheets/images/bx_loader.gif]
[static-public.klickpages.com.br/app/assets/stylesheets/images/controls.png]
[static-public.klickpages.com.br/app/assets/stylesheets/launchblog/error-video.svg]
[static-public.klickpages.com.br/app/assets/stylesheets/launchblog/error-protection.svg]
[static-public.klickpages.com.br/app/assets/stylesheets/publish8b2e.css]
[connect.facebook.net/pt_BR/sdk.js]
[static-public.klickpages.com.br/app/assets/javascripts/public/js/body/begin8b2e.js]
[static-public.klickpages.com.br/tmp/zip/1101/styles/mainec82.css]
[static-public.klickpages.com.br/app/assets/stylesheets/launchblog/error-sale.svg]
[static-public.klickpages.com.br/tmp/zip/739/images/lockb1f5.png]
[static-public.klickpages.com.br/tmp/zip/739/styles/mainb1f5.css]
[static-public.klickpages.com.br/app/assets/stylesheets/made_with8b2e.css]
[static-public.klickpages.com.br/app/assets/stylesheets/fancybox_sprite.png]
[static-public.klickpages.com.br/app/assets/stylesheets/fancybox_loading.gif]
[static-public.klickpages.com.br/app/assets/stylesheets/blank.gif]
[static-public.klickpages.com.br/app/assets/stylesheets/fancybox_overlay.png]
[static-public.klickpages.com.br/app/assets/stylesheets/fancybox_sprite@2x.png]
[static-public.klickpages.com.br/app/assets/stylesheets/fancybox_loading@2x.gif]
[static-public.klickpages.com.br/app/assets/stylesheets/images/bx_loader.gif]
[static-public.klickpages.com.br/app/assets/stylesheets/images/controls.png]
[static-public.klickpages.com.br/app/assets/stylesheets/logos/logo-kp-white.html]
[static-public.klickpages.com.br/app/assets/stylesheets/launchblog/error-video.svg]
[static-public.klickpages.com.br/app/assets/stylesheets/launchblog/error-protection.svg]
[static-public.klickpages.com.br/app/assets/stylesheets/launchblog/error-sale.svg]
